2012/12/16 17:09:41 [error] [exception.CException] exception 'CException' with message 'Alias "Admin.models.*" is invalid. Make sure it points to an existing directory or file.' in /backup/code/laworks/yii/framework/YiiBase.php:343
Stack trace:
#0 /backup/code/laworks/yii/framework/base/CModule.php(227): YiiBase::import('Admin.models.*')
#1 /backup/code/laworks/server/protected/modules/Admin/AdminModule.php(14): CModule->setImport(Array)
#2 /backup/code/laworks/yii/framework/base/CModule.php(91): AdminModule->init()
#3 /backup/code/laworks/yii/framework/YiiBase.php(208): CModule->__construct('admin', NULL, Array)
#4 /backup/code/laworks/yii/framework/base/CModule.php(283): YiiBase::createComponent('application.mod...', 'admin', NULL, Array)
#5 /backup/code/laworks/yii/framework/web/CWebApplication.php(338): CModule->getModule('admin')
#6 /backup/code/laworks/yii/framework/web/CWebApplication.php(277): CWebApplication->createController('admin/user')
#7 /backup/code/laworks/yii/framework/web/CWebApplication.php(142): CWebApplication->runController('admin/user')
#8 /backup/code/laworks/yii/framework/base/CApplication.php(162): CWebApplication->processRequest()
#9 /backup/code/laworks/server/index.php(13): CApplication->run()
#10 {main}
REQUEST_URI=/server/index.php?r=admin/user
---
2012/12/16 17:10:15 [error] [exception.CException] exception 'CException' with message 'Alias "Admin.models.*" is invalid. Make sure it points to an existing directory or file.' in /backup/code/laworks/yii/framework/YiiBase.php:343
Stack trace:
#0 /backup/code/laworks/yii/framework/base/CModule.php(227): YiiBase::import('Admin.models.*')
#1 /backup/code/laworks/server/protected/modules/Admin/AdminModule.php(14): CModule->setImport(Array)
#2 /backup/code/laworks/yii/framework/base/CModule.php(91): AdminModule->init()
#3 /backup/code/laworks/yii/framework/YiiBase.php(208): CModule->__construct('admin', NULL, Array)
#4 /backup/code/laworks/yii/framework/base/CModule.php(283): YiiBase::createComponent('application.mod...', 'admin', NULL, Array)
#5 /backup/code/laworks/yii/framework/web/CWebApplication.php(338): CModule->getModule('admin')
#6 /backup/code/laworks/yii/framework/web/CWebApplication.php(277): CWebApplication->createController('admin/User')
#7 /backup/code/laworks/yii/framework/web/CWebApplication.php(142): CWebApplication->runController('admin/User')
#8 /backup/code/laworks/yii/framework/base/CApplication.php(162): CWebApplication->processRequest()
#9 /backup/code/laworks/server/index.php(13): CApplication->run()
#10 {main}
REQUEST_URI=/server/index.php?r=admin/User
---
2012/12/16 17:10:52 [error] [exception.CException] exception 'CException' with message 'Alias "Admin.models.*" is invalid. Make sure it points to an existing directory or file.' in /backup/code/laworks/yii/framework/YiiBase.php:343
Stack trace:
#0 /backup/code/laworks/yii/framework/base/CModule.php(227): YiiBase::import('Admin.models.*')
#1 /backup/code/laworks/server/protected/modules/Admin/AdminModule.php(14): CModule->setImport(Array)
#2 /backup/code/laworks/yii/framework/base/CModule.php(91): AdminModule->init()
#3 /backup/code/laworks/yii/framework/YiiBase.php(208): CModule->__construct('admin', NULL, Array)
#4 /backup/code/laworks/yii/framework/base/CModule.php(283): YiiBase::createComponent('application.mod...', 'admin', NULL, Array)
#5 /backup/code/laworks/yii/framework/web/CWebApplication.php(338): CModule->getModule('admin')
#6 /backup/code/laworks/yii/framework/web/CWebApplication.php(277): CWebApplication->createController('admin/user/inde...')
#7 /backup/code/laworks/yii/framework/web/CWebApplication.php(142): CWebApplication->runController('admin/user/inde...')
#8 /backup/code/laworks/yii/framework/base/CApplication.php(162): CWebApplication->processRequest()
#9 /backup/code/laworks/server/index.php(13): CApplication->run()
#10 {main}
REQUEST_URI=/server/index.php?r=admin/user/index
---
2012/12/16 17:11:27 [error] [exception.CHttpException.404] exception 'CHttpException' with message 'Unable to resolve the request "Admin/User".' in /backup/code/laworks/yii/framework/web/CWebApplication.php:287
Stack trace:
#0 /backup/code/laworks/yii/framework/web/CWebApplication.php(142): CWebApplication->runController('Admin/User')
#1 /backup/code/laworks/yii/framework/base/CApplication.php(162): CWebApplication->processRequest()
#2 /backup/code/laworks/server/index.php(13): CApplication->run()
#3 {main}
REQUEST_URI=/server/index.php?r=Admin/User
---
2012/12/16 17:12:13 [error] [exception.CHttpException.404] exception 'CHttpException' with message 'Unable to resolve the request "Admin/User/index.php".' in /backup/code/laworks/yii/framework/web/CWebApplication.php:287
Stack trace:
#0 /backup/code/laworks/yii/framework/web/CWebApplication.php(142): CWebApplication->runController('Admin/User/inde...')
#1 /backup/code/laworks/yii/framework/base/CApplication.php(162): CWebApplication->processRequest()
#2 /backup/code/laworks/server/index.php(13): CApplication->run()
#3 {main}
REQUEST_URI=/server/index.php?r=Admin/User/index.php
---
2012/12/16 17:19:03 [error] [exception.CHttpException.404] exception 'CHttpException' with message 'The system is unable to find the requested action "index.php".' in /backup/code/laworks/yii/framework/web/CController.php:484
Stack trace:
#0 /backup/code/laworks/yii/framework/web/CController.php(271): CController->missingAction('index.php')
#1 /backup/code/laworks/yii/framework/web/CWebApplication.php(283): CController->run('index.php')
#2 /backup/code/laworks/yii/framework/web/CWebApplication.php(142): CWebApplication->runController('Admin/User/inde...')
#3 /backup/code/laworks/yii/framework/base/CApplication.php(162): CWebApplication->processRequest()
#4 /backup/code/laworks/server/index.php(13): CApplication->run()
#5 {main}
REQUEST_URI=/server/index.php?r=Admin/User/index.php
---
2012/12/16 17:19:15 [error] [exception.CHttpException.404] exception 'CHttpException' with message 'The system is unable to find the requested action "index.php".' in /backup/code/laworks/yii/framework/web/CController.php:484
Stack trace:
#0 /backup/code/laworks/yii/framework/web/CController.php(271): CController->missingAction('index.php')
#1 /backup/code/laworks/yii/framework/web/CWebApplication.php(283): CController->run('index.php')
#2 /backup/code/laworks/yii/framework/web/CWebApplication.php(142): CWebApplication->runController('Admin/user/inde...')
#3 /backup/code/laworks/yii/framework/base/CApplication.php(162): CWebApplication->processRequest()
#4 /backup/code/laworks/server/index.php(13): CApplication->run()
#5 {main}
REQUEST_URI=/server/index.php?r=Admin/user/index.php
---
2012/12/16 17:19:21 [error] [exception.CHttpException.404] exception 'CHttpException' with message 'The system is unable to find the requested action "index.php".' in /backup/code/laworks/yii/framework/web/CController.php:484
Stack trace:
#0 /backup/code/laworks/yii/framework/web/CController.php(271): CController->missingAction('index.php')
#1 /backup/code/laworks/yii/framework/web/CWebApplication.php(283): CController->run('index.php')
#2 /backup/code/laworks/yii/framework/web/CWebApplication.php(142): CWebApplication->runController('Admin/User/inde...')
#3 /backup/code/laworks/yii/framework/base/CApplication.php(162): CWebApplication->processRequest()
#4 /backup/code/laworks/server/index.php(13): CApplication->run()
#5 {main}
REQUEST_URI=/server/index.php?r=Admin/User/index.php
---
2012/12/16 17:19:56 [error] [exception.CException] exception 'CException' with message 'Alias "application.modules.Settings.SettingsModule" is invalid. Make sure it points to an existing PHP file and the file is readable.' in /backup/code/laworks/yii/framework/YiiBase.php:318
Stack trace:
#0 /backup/code/laworks/yii/framework/YiiBase.php(198): YiiBase::import('application.mod...', true)
#1 /backup/code/laworks/yii/framework/base/CModule.php(283): YiiBase::createComponent('application.mod...', 'Settings', NULL, Array)
#2 /backup/code/laworks/yii/framework/gii/generators/crud/CrudCode.php(121): CModule->getModule('Settings')
#3 /backup/code/laworks/yii/framework/gii/generators/crud/CrudCode.php(152): CrudCode->getModule()
#4 /backup/code/laworks/yii/framework/base/CComponent.php(112): CrudCode->getControllerFile()
#5 /backup/code/laworks/yii/framework/gii/generators/crud/CrudCode.php(86): CComponent->__get('controllerFile')
#6 /backup/code/laworks/yii/framework/gii/CCodeGenerator.php(163): CrudCode->prepare()
#7 /backup/code/laworks/yii/framework/gii/CCodeGenerator.php(64): CCodeGenerator->prepare()
#8 /backup/code/laworks/yii/framework/web/actions/CInlineAction.php(50): CCodeGenerator->actionIndex()
#9 /backup/code/laworks/yii/framework/web/CController.php(309): CInlineAction->runWithParams(Array)
#10 /backup/code/laworks/yii/framework/web/CController.php(287): CController->runAction(Object(CInlineAction))
#11 /backup/code/laworks/yii/framework/web/CController.php(266): CController->runActionWithFilters(Object(CInlineAction), Array)
#12 /backup/code/laworks/yii/framework/web/CWebApplication.php(283): CController->run('')
#13 /backup/code/laworks/yii/framework/web/CWebApplication.php(142): CWebApplication->runController('gii/crud')
#14 /backup/code/laworks/yii/framework/base/CApplication.php(162): CWebApplication->processRequest()
#15 /backup/code/laworks/server/index.php(13): CApplication->run()
#16 {main}
REQUEST_URI=/server/index.php?r=gii/crud
HTTP_REFERER=http://localhost/server/index.php?r=gii/crud
---
2012/12/16 17:20:58 [error] [exception.CException] exception 'CException' with message 'Alias "application.modules.ClientModule" is invalid. Make sure it points to an existing PHP file and the file is readable.' in /backup/code/laworks/yii/framework/YiiBase.php:318
Stack trace:
#0 /backup/code/laworks/yii/framework/YiiBase.php(198): YiiBase::import('application.mod...', true)
#1 /backup/code/laworks/yii/framework/base/CModule.php(283): YiiBase::createComponent('application.mod...', 'Client', NULL, Array)
#2 /backup/code/laworks/yii/framework/web/CWebApplication.php(338): CModule->getModule('Client')
#3 /backup/code/laworks/yii/framework/web/CWebApplication.php(277): CWebApplication->createController('Client/User/ind...')
#4 /backup/code/laworks/yii/framework/web/CWebApplication.php(142): CWebApplication->runController('Client/User/ind...')
#5 /backup/code/laworks/yii/framework/base/CApplication.php(162): CWebApplication->processRequest()
#6 /backup/code/laworks/server/index.php(13): CApplication->run()
#7 {main}
REQUEST_URI=/server/index.php?r=Client/User/index
---
2012/12/16 17:21:35 [error] [exception.CException] exception 'CException' with message 'Alias "application.modules.ClientModule" is invalid. Make sure it points to an existing PHP file and the file is readable.' in /backup/code/laworks/yii/framework/YiiBase.php:318
Stack trace:
#0 /backup/code/laworks/yii/framework/YiiBase.php(198): YiiBase::import('application.mod...', true)
#1 /backup/code/laworks/yii/framework/base/CModule.php(283): YiiBase::createComponent('application.mod...', 'Client', NULL, Array)
#2 /backup/code/laworks/yii/framework/gii/generators/crud/CrudCode.php(121): CModule->getModule('Client')
#3 /backup/code/laworks/yii/framework/gii/generators/crud/CrudCode.php(152): CrudCode->getModule()
#4 /backup/code/laworks/yii/framework/base/CComponent.php(112): CrudCode->getControllerFile()
#5 /backup/code/laworks/yii/framework/gii/generators/crud/CrudCode.php(86): CComponent->__get('controllerFile')
#6 /backup/code/laworks/yii/framework/gii/CCodeGenerator.php(163): CrudCode->prepare()
#7 /backup/code/laworks/yii/framework/gii/CCodeGenerator.php(64): CCodeGenerator->prepare()
#8 /backup/code/laworks/yii/framework/web/actions/CInlineAction.php(50): CCodeGenerator->actionIndex()
#9 /backup/code/laworks/yii/framework/web/CController.php(309): CInlineAction->runWithParams(Array)
#10 /backup/code/laworks/yii/framework/web/CController.php(287): CController->runAction(Object(CInlineAction))
#11 /backup/code/laworks/yii/framework/web/CController.php(266): CController->runActionWithFilters(Object(CInlineAction), Array)
#12 /backup/code/laworks/yii/framework/web/CWebApplication.php(283): CController->run('')
#13 /backup/code/laworks/yii/framework/web/CWebApplication.php(142): CWebApplication->runController('gii/crud')
#14 /backup/code/laworks/yii/framework/base/CApplication.php(162): CWebApplication->processRequest()
#15 /backup/code/laworks/server/index.php(13): CApplication->run()
#16 {main}
REQUEST_URI=/server/index.php?r=gii/crud
HTTP_REFERER=http://localhost/server/index.php?r=gii/crud
---
2012/12/16 17:21:51 [error] [exception.CException] exception 'CException' with message 'Alias "application.modules.ClientModule" is invalid. Make sure it points to an existing PHP file and the file is readable.' in /backup/code/laworks/yii/framework/YiiBase.php:318
Stack trace:
#0 /backup/code/laworks/yii/framework/YiiBase.php(198): YiiBase::import('application.mod...', true)
#1 /backup/code/laworks/yii/framework/base/CModule.php(283): YiiBase::createComponent('application.mod...', 'Client', NULL, Array)
#2 /backup/code/laworks/yii/framework/gii/generators/crud/CrudCode.php(121): CModule->getModule('Client')
#3 /backup/code/laworks/yii/framework/gii/generators/crud/CrudCode.php(152): CrudCode->getModule()
#4 /backup/code/laworks/yii/framework/base/CComponent.php(112): CrudCode->getControllerFile()
#5 /backup/code/laworks/yii/framework/gii/generators/crud/CrudCode.php(86): CComponent->__get('controllerFile')
#6 /backup/code/laworks/yii/framework/gii/CCodeGenerator.php(163): CrudCode->prepare()
#7 /backup/code/laworks/yii/framework/gii/CCodeGenerator.php(64): CCodeGenerator->prepare()
#8 /backup/code/laworks/yii/framework/web/actions/CInlineAction.php(50): CCodeGenerator->actionIndex()
#9 /backup/code/laworks/yii/framework/web/CController.php(309): CInlineAction->runWithParams(Array)
#10 /backup/code/laworks/yii/framework/web/CController.php(287): CController->runAction(Object(CInlineAction))
#11 /backup/code/laworks/yii/framework/web/CController.php(266): CController->runActionWithFilters(Object(CInlineAction), Array)
#12 /backup/code/laworks/yii/framework/web/CWebApplication.php(283): CController->run('')
#13 /backup/code/laworks/yii/framework/web/CWebApplication.php(142): CWebApplication->runController('gii/crud')
#14 /backup/code/laworks/yii/framework/base/CApplication.php(162): CWebApplication->processRequest()
#15 /backup/code/laworks/server/index.php(13): CApplication->run()
#16 {main}
REQUEST_URI=/server/index.php?r=gii/crud
HTTP_REFERER=http://localhost/server/index.php?r=gii/crud
---
2012/12/16 17:47:04 [error] [php] Trying to get property of non-object (/backup/code/laworks/server/protected/components/UserIdentity.php:29)
Stack trace:
#0 /backup/code/laworks/yii/framework/validators/CValidator.php(214): CInlineValidator->validateAttribute()
#1 /backup/code/laworks/yii/framework/base/CModel.php(158): CInlineValidator->validate()
#2 /backup/code/laworks/server/protected/controllers/SiteController.php(94): LoginForm->validate()
#3 /backup/code/laworks/yii/framework/web/actions/CInlineAction.php(50): SiteController->actionLogin()
#4 /backup/code/laworks/yii/framework/web/CController.php(309): CInlineAction->runWithParams()
#5 /backup/code/laworks/yii/framework/web/CController.php(287): SiteController->runAction()
#6 /backup/code/laworks/yii/framework/web/CController.php(266): SiteController->runActionWithFilters()
#7 /backup/code/laworks/yii/framework/web/CWebApplication.php(283): SiteController->run()
#8 /backup/code/laworks/yii/framework/web/CWebApplication.php(142): CWebApplication->runController()
#9 /backup/code/laworks/yii/framework/base/CApplication.php(162): CWebApplication->processRequest()
#10 /backup/code/laworks/server/index.php(13): CWebApplication->run()
REQUEST_URI=/server/index.php?r=site/login
in /backup/code/laworks/server/protected/components/UserIdentity.php (29)
in /backup/code/laworks/server/protected/models/LoginForm.php (52)
in /backup/code/laworks/server/protected/controllers/SiteController.php (94)
2012/12/16 17:47:46 [error] [php] Trying to get property of non-object (/backup/code/laworks/server/protected/components/UserIdentity.php:29)
Stack trace:
#0 /backup/code/laworks/yii/framework/validators/CValidator.php(214): CInlineValidator->validateAttribute()
#1 /backup/code/laworks/yii/framework/base/CModel.php(158): CInlineValidator->validate()
#2 /backup/code/laworks/server/protected/controllers/SiteController.php(94): LoginForm->validate()
#3 /backup/code/laworks/yii/framework/web/actions/CInlineAction.php(50): SiteController->actionLogin()
#4 /backup/code/laworks/yii/framework/web/CController.php(309): CInlineAction->runWithParams()
#5 /backup/code/laworks/yii/framework/web/CController.php(287): SiteController->runAction()
#6 /backup/code/laworks/yii/framework/web/CController.php(266): SiteController->runActionWithFilters()
#7 /backup/code/laworks/yii/framework/web/CWebApplication.php(283): SiteController->run()
#8 /backup/code/laworks/yii/framework/web/CWebApplication.php(142): CWebApplication->runController()
#9 /backup/code/laworks/yii/framework/base/CApplication.php(162): CWebApplication->processRequest()
#10 /backup/code/laworks/server/index.php(13): CWebApplication->run()
REQUEST_URI=/server/index.php?r=site/login
in /backup/code/laworks/server/protected/components/UserIdentity.php (29)
in /backup/code/laworks/server/protected/models/LoginForm.php (52)
in /backup/code/laworks/server/protected/controllers/SiteController.php (94)
2012/12/16 17:55:12 [error] [exception.CException] exception 'CException' with message 'Property "CWebUser.permission_id" is not defined.' in /backup/code/laworks/yii/framework/base/CComponent.php:131
Stack trace:
#0 /backup/code/laworks/yii/framework/web/auth/CWebUser.php(141): CComponent->__get('permission_id')
#1 /backup/code/laworks/server/protected/views/site/index.php(26): CWebUser->__get('permission_id')
#2 /backup/code/laworks/yii/framework/web/CBaseController.php(127): require('/backup/code/la...')
#3 /backup/code/laworks/yii/framework/web/CBaseController.php(96): CBaseController->renderInternal('/backup/code/la...', NULL, true)
#4 /backup/code/laworks/yii/framework/web/CController.php(870): CBaseController->renderFile('/backup/code/la...', NULL, true)
#5 /backup/code/laworks/yii/framework/web/CController.php(783): CController->renderPartial('index', NULL, true)
#6 /backup/code/laworks/server/protected/controllers/SiteController.php(32): CController->render('index')
#7 /backup/code/laworks/yii/framework/web/actions/CInlineAction.php(50): SiteController->actionIndex()
#8 /backup/code/laworks/yii/framework/web/CController.php(309): CInlineAction->runWithParams(Array)
#9 /backup/code/laworks/yii/framework/web/CController.php(287): CController->runAction(Object(CInlineAction))
#10 /backup/code/laworks/yii/framework/web/CController.php(266): CController->runActionWithFilters(Object(CInlineAction), Array)
#11 /backup/code/laworks/yii/framework/web/CWebApplication.php(283): CController->run('')
#12 /backup/code/laworks/yii/framework/web/CWebApplication.php(142): CWebApplication->runController('')
#13 /backup/code/laworks/yii/framework/base/CApplication.php(162): CWebApplication->processRequest()
#14 /backup/code/laworks/server/index.php(13): CApplication->run()
#15 {main}
REQUEST_URI=/server/index.php
HTTP_REFERER=http://localhost/server/index.php?r=site/login
---
2012/12/16 17:56:58 [error] [exception.CException] exception 'CException' with message 'Property "CWebUser.permission_id" is not defined.' in /backup/code/laworks/yii/framework/base/CComponent.php:131
Stack trace:
#0 /backup/code/laworks/yii/framework/web/auth/CWebUser.php(141): CComponent->__get('permission_id')
#1 /backup/code/laworks/server/protected/views/site/index.php(26): CWebUser->__get('permission_id')
#2 /backup/code/laworks/yii/framework/web/CBaseController.php(127): require('/backup/code/la...')
#3 /backup/code/laworks/yii/framework/web/CBaseController.php(96): CBaseController->renderInternal('/backup/code/la...', NULL, true)
#4 /backup/code/laworks/yii/framework/web/CController.php(870): CBaseController->renderFile('/backup/code/la...', NULL, true)
#5 /backup/code/laworks/yii/framework/web/CController.php(783): CController->renderPartial('index', NULL, true)
#6 /backup/code/laworks/server/protected/controllers/SiteController.php(32): CController->render('index')
#7 /backup/code/laworks/yii/framework/web/actions/CInlineAction.php(50): SiteController->actionIndex()
#8 /backup/code/laworks/yii/framework/web/CController.php(309): CInlineAction->runWithParams(Array)
#9 /backup/code/laworks/yii/framework/web/CController.php(287): CController->runAction(Object(CInlineAction))
#10 /backup/code/laworks/yii/framework/web/CController.php(266): CController->runActionWithFilters(Object(CInlineAction), Array)
#11 /backup/code/laworks/yii/framework/web/CWebApplication.php(283): CController->run('')
#12 /backup/code/laworks/yii/framework/web/CWebApplication.php(142): CWebApplication->runController('')
#13 /backup/code/laworks/yii/framework/base/CApplication.php(162): CWebApplication->processRequest()
#14 /backup/code/laworks/server/index.php(13): CApplication->run()
#15 {main}
REQUEST_URI=/server/index.php
HTTP_REFERER=http://localhost/server/index.php?r=site/login
---
2012/12/16 17:58:32 [error] [exception.CException] exception 'CException' with message 'Property "CWebUser.permission_id" is not defined.' in /backup/code/laworks/yii/framework/base/CComponent.php:131
Stack trace:
#0 /backup/code/laworks/yii/framework/web/auth/CWebUser.php(141): CComponent->__get('permission_id')
#1 /backup/code/laworks/server/protected/views/site/index.php(26): CWebUser->__get('permission_id')
#2 /backup/code/laworks/yii/framework/web/CBaseController.php(127): require('/backup/code/la...')
#3 /backup/code/laworks/yii/framework/web/CBaseController.php(96): CBaseController->renderInternal('/backup/code/la...', NULL, true)
#4 /backup/code/laworks/yii/framework/web/CController.php(870): CBaseController->renderFile('/backup/code/la...', NULL, true)
#5 /backup/code/laworks/yii/framework/web/CController.php(783): CController->renderPartial('index', NULL, true)
#6 /backup/code/laworks/server/protected/controllers/SiteController.php(32): CController->render('index')
#7 /backup/code/laworks/yii/framework/web/actions/CInlineAction.php(50): SiteController->actionIndex()
#8 /backup/code/laworks/yii/framework/web/CController.php(309): CInlineAction->runWithParams(Array)
#9 /backup/code/laworks/yii/framework/web/CController.php(287): CController->runAction(Object(CInlineAction))
#10 /backup/code/laworks/yii/framework/web/CController.php(266): CController->runActionWithFilters(Object(CInlineAction), Array)
#11 /backup/code/laworks/yii/framework/web/CWebApplication.php(283): CController->run('')
#12 /backup/code/laworks/yii/framework/web/CWebApplication.php(142): CWebApplication->runController('')
#13 /backup/code/laworks/yii/framework/base/CApplication.php(162): CWebApplication->processRequest()
#14 /backup/code/laworks/server/index.php(13): CApplication->run()
#15 {main}
REQUEST_URI=/server/index.php
---
2012/12/16 18:01:14 [error] [exception.CHttpException.404] exception 'CHttpException' with message 'Unable to resolve the request "user/index".' in /backup/code/laworks/yii/framework/web/CWebApplication.php:287
Stack trace:
#0 /backup/code/laworks/yii/framework/web/CWebApplication.php(142): CWebApplication->runController('user/index')
#1 /backup/code/laworks/yii/framework/base/CApplication.php(162): CWebApplication->processRequest()
#2 /backup/code/laworks/server/index.php(13): CApplication->run()
#3 {main}
REQUEST_URI=/server/index.php?r=user/index
HTTP_REFERER=http://localhost/server/index.php
---
2012/12/16 18:02:15 [error] [exception.CHttpException.404] exception 'CHttpException' with message 'Unable to resolve the request "admin/user/index".' in /backup/code/laworks/yii/framework/web/CWebApplication.php:287
Stack trace:
#0 /backup/code/laworks/yii/framework/web/CWebApplication.php(142): CWebApplication->runController('admin/user/inde...')
#1 /backup/code/laworks/yii/framework/base/CApplication.php(162): CWebApplication->processRequest()
#2 /backup/code/laworks/server/index.php(13): CApplication->run()
#3 {main}
REQUEST_URI=/server/index.php?r=admin/user/index
HTTP_REFERER=http://localhost/server/index.php
---
2012/12/16 18:02:21 [error] [exception.CHttpException.404] exception 'CHttpException' with message 'Unable to resolve the request "admin/user/index".' in /backup/code/laworks/yii/framework/web/CWebApplication.php:287
Stack trace:
#0 /backup/code/laworks/yii/framework/web/CWebApplication.php(142): CWebApplication->runController('admin/user/inde...')
#1 /backup/code/laworks/yii/framework/base/CApplication.php(162): CWebApplication->processRequest()
#2 /backup/code/laworks/server/index.php(13): CApplication->run()
#3 {main}
REQUEST_URI=/server/index.php?r=admin/user/index
HTTP_REFERER=http://localhost/server/index.php
---
2012/12/16 18:02:45 [error] [exception.CHttpException.404] exception 'CHttpException' with message 'Unable to resolve the request "Admin/enterprise/admin".' in /backup/code/laworks/yii/framework/web/CWebApplication.php:287
Stack trace:
#0 /backup/code/laworks/yii/framework/web/CWebApplication.php(142): CWebApplication->runController('Admin/enterpris...')
#1 /backup/code/laworks/yii/framework/base/CApplication.php(162): CWebApplication->processRequest()
#2 /backup/code/laworks/server/index.php(13): CApplication->run()
#3 {main}
REQUEST_URI=/server/index.php?r=Admin/enterprise/admin
HTTP_REFERER=http://localhost/server/index.php
---
2012/12/16 18:06:05 [error] [exception.CHttpException.404] exception 'CHttpException' with message 'Unable to resolve the request "Admin/user/index".' in /backup/code/laworks/yii/framework/web/CWebApplication.php:287
Stack trace:
#0 /backup/code/laworks/yii/framework/web/CWebApplication.php(142): CWebApplication->runController('Admin/user/inde...')
#1 /backup/code/laworks/yii/framework/base/CApplication.php(162): CWebApplication->processRequest()
#2 /backup/code/laworks/server/index.php(13): CApplication->run()
#3 {main}
REQUEST_URI=/server/index.php?r=Admin/user/index
HTTP_REFERER=http://localhost/server/index.php
---
2012/12/16 18:06:27 [error] [exception.CException] exception 'CException' with message 'Alias "Admin.models.*" is invalid. Make sure it points to an existing directory or file.' in /backup/code/laworks/yii/framework/YiiBase.php:343
Stack trace:
#0 /backup/code/laworks/yii/framework/base/CModule.php(227): YiiBase::import('Admin.models.*')
#1 /backup/code/laworks/server/protected/modules/Admin/AdminModule.php(14): CModule->setImport(Array)
#2 /backup/code/laworks/yii/framework/base/CModule.php(91): AdminModule->init()
#3 /backup/code/laworks/yii/framework/YiiBase.php(208): CModule->__construct('admin', NULL, Array)
#4 /backup/code/laworks/yii/framework/base/CModule.php(283): YiiBase::createComponent('application.mod...', 'admin', NULL, Array)
#5 /backup/code/laworks/yii/framework/web/CWebApplication.php(338): CModule->getModule('admin')
#6 /backup/code/laworks/yii/framework/web/CWebApplication.php(277): CWebApplication->createController('admin/user/inde...')
#7 /backup/code/laworks/yii/framework/web/CWebApplication.php(142): CWebApplication->runController('admin/user/inde...')
#8 /backup/code/laworks/yii/framework/base/CApplication.php(162): CWebApplication->processRequest()
#9 /backup/code/laworks/server/index.php(13): CApplication->run()
#10 {main}
REQUEST_URI=/server/index.php?r=admin/user/index
HTTP_REFERER=http://localhost/server/index.php
---
2012/12/16 18:07:47 [error] [exception.CException] exception 'CException' with message 'Alias "Admin.components.*" is invalid. Make sure it points to an existing directory or file.' in /backup/code/laworks/yii/framework/YiiBase.php:343
Stack trace:
#0 /backup/code/laworks/yii/framework/base/CModule.php(227): YiiBase::import('Admin.component...')
#1 /backup/code/laworks/server/protected/modules/Admin/AdminModule.php(14): CModule->setImport(Array)
#2 /backup/code/laworks/yii/framework/base/CModule.php(91): AdminModule->init()
#3 /backup/code/laworks/yii/framework/YiiBase.php(208): CModule->__construct('admin', NULL, Array)
#4 /backup/code/laworks/yii/framework/base/CModule.php(283): YiiBase::createComponent('application.mod...', 'admin', NULL, Array)
#5 /backup/code/laworks/yii/framework/web/CWebApplication.php(338): CModule->getModule('admin')
#6 /backup/code/laworks/yii/framework/web/CWebApplication.php(277): CWebApplication->createController('admin/user/inde...')
#7 /backup/code/laworks/yii/framework/web/CWebApplication.php(142): CWebApplication->runController('admin/user/inde...')
#8 /backup/code/laworks/yii/framework/base/CApplication.php(162): CWebApplication->processRequest()
#9 /backup/code/laworks/server/index.php(13): CApplication->run()
#10 {main}
REQUEST_URI=/server/index.php?r=admin/user/index
---
